Determining if the pthread_create exist failed with the following output:
Change Dir: /home/haouanbo/Projects/jixiebi/build/CMakeFiles/CMakeTmp

Run Build Command:"/usr/bin/make" "cmTC_7c012/fast"
/usr/bin/make -f CMakeFiles/cmTC_7c012.dir/build.make CMakeFiles/cmTC_7c012.dir/build
make[1]: Entering directory '/home/haouanbo/Projects/jixiebi/build/CMakeFiles/CMakeTmp'
Building C object CMakeFiles/cmTC_7c012.dir/CheckSymbolExists.c.o
/usr/bin/cc    -o CMakeFiles/cmTC_7c012.dir/CheckSymbolExists.c.o   -c /home/haouanbo/Projects/jixiebi/build/CMakeFiles/CMakeTmp/CheckSymbolExists.c
Linking C executable cmTC_7c012
/usr/bin/cmake -E cmake_link_script CMakeFiles/cmTC_7c012.dir/link.txt --verbose=1
/usr/bin/cc      -rdynamic CMakeFiles/cmTC_7c012.dir/CheckSymbolExists.c.o  -o cmTC_7c012 
CMakeFiles/cmTC_7c012.dir/CheckSymbolExists.c.o: In function `main':
CheckSymbolExists.c:(.text+0x1b): undefined reference to `pthread_create'
collect2: error: ld returned 1 exit status
CMakeFiles/cmTC_7c012.dir/build.make:97: recipe for target 'cmTC_7c012' failed
make[1]: *** [cmTC_7c012] Error 1
make[1]: Leaving directory '/home/haouanbo/Projects/jixiebi/build/CMakeFiles/CMakeTmp'
Makefile:126: recipe for target 'cmTC_7c012/fast' failed
make: *** [cmTC_7c012/fast] Error 2

File /home/haouanbo/Projects/jixiebi/build/CMakeFiles/CMakeTmp/CheckSymbolExists.c:
/* */
#include <pthread.h>

int main(int argc, char** argv)
{
  (void)argv;
#ifndef pthread_create
  return ((int*)(&pthread_create))[argc];
#else
  (void)argc;
  return 0;
#endif
}

Determining if the function pthread_create exists in the pthreads failed with the following output:
Change Dir: /home/haouanbo/Projects/jixiebi/build/CMakeFiles/CMakeTmp

Run Build Command:"/usr/bin/make" "cmTC_d624b/fast"
/usr/bin/make -f CMakeFiles/cmTC_d624b.dir/build.make CMakeFiles/cmTC_d624b.dir/build
make[1]: Entering directory '/home/haouanbo/Projects/jixiebi/build/CMakeFiles/CMakeTmp'
Building C object CMakeFiles/cmTC_d624b.dir/CheckFunctionExists.c.o
/usr/bin/cc   -DCHECK_FUNCTION_EXISTS=pthread_create   -o CMakeFiles/cmTC_d624b.dir/CheckFunctionExists.c.o   -c /usr/share/cmake-3.10/Modules/CheckFunctionExists.c
Linking C executable cmTC_d624b
/usr/bin/cmake -E cmake_link_script CMakeFiles/cmTC_d624b.dir/link.txt --verbose=1
/usr/bin/cc  -DCHECK_FUNCTION_EXISTS=pthread_create    -rdynamic CMakeFiles/cmTC_d624b.dir/CheckFunctionExists.c.o  -o cmTC_d624b -lpthreads 
/usr/bin/ld: cannot find -lpthreads
collect2: error: ld returned 1 exit status
CMakeFiles/cmTC_d624b.dir/build.make:97: recipe for target 'cmTC_d624b' failed
make[1]: *** [cmTC_d624b] Error 1
make[1]: Leaving directory '/home/haouanbo/Projects/jixiebi/build/CMakeFiles/CMakeTmp'
Makefile:126: recipe for target 'cmTC_d624b/fast' failed
make: *** [cmTC_d624b/fast] Error 2


