Determining if the pthread_create exist failed with the following output:
Change Dir: /home/haouanbo/Projects/jixiebi/ws2/build/CMakeFiles/CMakeTmp

Run Build Command:"/usr/bin/make" "cmTC_7cc2b/fast"
/usr/bin/make -f CMakeFiles/cmTC_7cc2b.dir/build.make CMakeFiles/cmTC_7cc2b.dir/build
make[1]: Entering directory '/home/haouanbo/Projects/jixiebi/ws2/build/CMakeFiles/CMakeTmp'
Building C object CMakeFiles/cmTC_7cc2b.dir/CheckSymbolExists.c.o
/usr/bin/cc    -o CMakeFiles/cmTC_7cc2b.dir/CheckSymbolExists.c.o   -c /home/haouanbo/Projects/jixiebi/ws2/build/CMakeFiles/CMakeTmp/CheckSymbolExists.c
Linking C executable cmTC_7cc2b
/usr/bin/cmake -E cmake_link_script CMakeFiles/cmTC_7cc2b.dir/link.txt --verbose=1
/usr/bin/cc      -rdynamic CMakeFiles/cmTC_7cc2b.dir/CheckSymbolExists.c.o  -o cmTC_7cc2b 
CMakeFiles/cmTC_7cc2b.dir/CheckSymbolExists.c.o: In function `main':
CheckSymbolExists.c:(.text+0x1b): undefined reference to `pthread_create'
collect2: error: ld returned 1 exit status
CMakeFiles/cmTC_7cc2b.dir/build.make:97: recipe for target 'cmTC_7cc2b' failed
make[1]: *** [cmTC_7cc2b] Error 1
make[1]: Leaving directory '/home/haouanbo/Projects/jixiebi/ws2/build/CMakeFiles/CMakeTmp'
Makefile:126: recipe for target 'cmTC_7cc2b/fast' failed
make: *** [cmTC_7cc2b/fast] Error 2

File /home/haouanbo/Projects/jixiebi/ws2/build/CMakeFiles/CMakeTmp/CheckSymbolExists.c:
/* */
#include <pthread.h>

int main(int argc, char** argv)
{
  (void)argv;
#ifndef pthread_create
  return ((int*)(&pthread_create))[argc];
#else
  (void)argc;
  return 0;
#endif
}

Determining if the function pthread_create exists in the pthreads failed with the following output:
Change Dir: /home/haouanbo/Projects/jixiebi/ws2/build/CMakeFiles/CMakeTmp

Run Build Command:"/usr/bin/make" "cmTC_5ac8d/fast"
/usr/bin/make -f CMakeFiles/cmTC_5ac8d.dir/build.make CMakeFiles/cmTC_5ac8d.dir/build
make[1]: Entering directory '/home/haouanbo/Projects/jixiebi/ws2/build/CMakeFiles/CMakeTmp'
Building C object CMakeFiles/cmTC_5ac8d.dir/CheckFunctionExists.c.o
/usr/bin/cc   -DCHECK_FUNCTION_EXISTS=pthread_create   -o CMakeFiles/cmTC_5ac8d.dir/CheckFunctionExists.c.o   -c /usr/share/cmake-3.10/Modules/CheckFunctionExists.c
Linking C executable cmTC_5ac8d
/usr/bin/cmake -E cmake_link_script CMakeFiles/cmTC_5ac8d.dir/link.txt --verbose=1
/usr/bin/cc  -DCHECK_FUNCTION_EXISTS=pthread_create    -rdynamic CMakeFiles/cmTC_5ac8d.dir/CheckFunctionExists.c.o  -o cmTC_5ac8d -lpthreads 
/usr/bin/ld: cannot find -lpthreads
collect2: error: ld returned 1 exit status
CMakeFiles/cmTC_5ac8d.dir/build.make:97: recipe for target 'cmTC_5ac8d' failed
make[1]: *** [cmTC_5ac8d] Error 1
make[1]: Leaving directory '/home/haouanbo/Projects/jixiebi/ws2/build/CMakeFiles/CMakeTmp'
Makefile:126: recipe for target 'cmTC_5ac8d/fast' failed
make: *** [cmTC_5ac8d/fast] Error 2


